#
# There is insufficient memory for the Java Runtime Environment to continue.
# Native memory allocation (mmap) failed to map 268435456 bytes for Failed to commit area from 0x0000000700c00000 to 0x0000000710c00000 of length 268435456.
# Possible reasons:
#   The system is out of physical RAM or swap space
#   The process is running with CompressedOops enabled, and the Java Heap may be blocking the growth of the native heap
# Possible solutions:
#   Reduce memory load on the system
#   Increase physical memory or swap space
#   Check if swap backing store is full
#   Decrease Java heap size (-Xmx/-Xms)
#   Decrease number of Java threads
#   Decrease Java thread stack sizes (-Xss)
#   Set larger code cache with -XX:ReservedCodeCacheSize=
# This output file may be truncated or incomplete.
#
#  Out of Memory Error (./src/hotspot/os/windows/os_windows.cpp:3301), pid=16544, tid=13252
#
# JRE version:  (11.0.11+9) (build )
# Java VM: OpenJDK 64-Bit Server VM (11.0.11+9-b1341.60, mixed mode, sharing, tiered, compressed oops, g1 gc, windows-amd64)
# No core dump will be written. Minidumps are not enabled by default on client versions of Windows
#

---------------  S U M M A R Y ------------

Command Line: org.jetbrains.git4idea.http.GitAskPassApp Username for 'https://gitee.com': 

Host: AMD Ryzen 5 3600 6-Core Processor              , 12 cores, 15G,  Windows 10 , 64 bit Build 22000 (10.0.22000.282)
Time: Sat Oct 23 19:32:43 2021 中国标准时间 elapsed time: 0.015513 seconds (0d 0h 0m 0s)

---------------  T H R E A D  ---------------

Current thread (0x000001a39cd3c000):  JavaThread "Unknown thread" [_thread_in_vm, id=13252, stack(0x0000006af6100000,0x0000006af6200000)]

Stack: [0x0000006af6100000,0x0000006af6200000]
Native frames: (J=compiled Java code, j=interpreted, Vv=VM code, C=native code)
V  [jvm.dll+0x5f5c8a]
V  [jvm.dll+0x779405]
V  [jvm.dll+0x77aa1d]
V  [jvm.dll+0x77b0d3]
V  [jvm.dll+0x244bc8]
V  [jvm.dll+0x5f3084]
V  [jvm.dll+0x5e7fe5]
V  [jvm.dll+0x30098b]
V  [jvm.dll+0x3008fa]
V  [jvm.dll+0x3007d2]
V  [jvm.dll+0x3056b6]
V  [jvm.dll+0x34e353]
V  [jvm.dll+0x34ea56]
V  [jvm.dll+0x34e453]
V  [jvm.dll+0x2db398]
V  [jvm.dll+0x2dc547]
V  [jvm.dll+0x757bf7]
V  [jvm.dll+0x7593ec]
V  [jvm.dll+0x35b8d9]
V  [jvm.dll+0x73b38e]
V  [jvm.dll+0x3c3cc3]
V  [jvm.dll+0x3c60e1]
C  [jli.dll+0x5373]
C  [ucrtbase.dll+0x26c0c]
C  [KERNEL32.DLL+0x154e0]
C  [ntdll.dll+0x485b]


---------------  P R O C E S S  ---------------

Threads class SMR info:
_java_thread_list=0x000001a39cc72250, length=0, elements={
}

Java Threads: ( => current thread )

Other Threads:
  0x000001a39eeed000 GCTaskThread "GC Thread#0" [stack: 0x0000006af6200000,0x0000006af6300000] [id=9104]
  0x000001a39ef4b000 ConcurrentGCThread "G1 Main Marker" [stack: 0x0000006af6300000,0x0000006af6400000] [id=17852]
  0x000001a39ef4d800 ConcurrentGCThread "G1 Conc#0" [stack: 0x0000006af6400000,0x0000006af6500000] [id=8316]

[error occurred during error reporting (printing all threads), id 0xc0000005, EXCEPTION_ACCESS_VIOLATION (0xc0000005) at pc=0x00007ffbfd73b9f7]

VM state:not at safepoint (not fully initialized)

VM Mutex/Monitor currently owned by a thread:  ([mutex/lock_event])
[0x000001a39eed6660] Heap_lock - owner thread: 0x000001a39cd3c000

Heap address: 0x0000000700c00000, size: 4084 MB, Compressed Oops mode: Non-zero based: 0x0000000700c00000
Narrow klass base: 0x0000000000000000, Narrow klass shift: 0

GC Heap History (0 events):
No events

Deoptimization events (0 events):
No events

Classes redefined (0 events):
No events

Internal exceptions (0 events):
No events

Events (1 events):
Event: 0.011 Loaded shared library D:\idea\apps\IDEA-U\ch-0\211.7628.21\jbr\bin\zip.dll


Dynamic libraries:
0x00007ff699c10000 - 0x00007ff699c1a000 	D:\idea\apps\IDEA-U\ch-0\211.7628.21\jbr\bin\java.exe
0x00007ffc46aa0000 - 0x00007ffc46ca7000 	C:\WINDOWS\SYSTEM32\ntdll.dll
0x00007ffc46250000 - 0x00007ffc4630d000 	C:\WINDOWS\System32\KERNEL32.DLL
0x00007ffc44160000 - 0x00007ffc444d4000 	C:\WINDOWS\System32\KERNELBASE.dll
0x00007ffc41510000 - 0x00007ffc415a1000 	C:\WINDOWS\SYSTEM32\apphelp.dll
0x00007ffc44580000 - 0x00007ffc44691000 	C:\WINDOWS\System32\ucrtbase.dll
0x00007ffc30840000 - 0x00007ffc30859000 	D:\idea\apps\IDEA-U\ch-0\211.7628.21\jbr\bin\jli.dll
0x00007ffc23af0000 - 0x00007ffc23b07000 	D:\idea\apps\IDEA-U\ch-0\211.7628.21\jbr\bin\VCRUNTIME140.dll
0x00007ffc45ed0000 - 0x00007ffc4607c000 	C:\WINDOWS\System32\USER32.dll
0x00007ffc44550000 - 0x00007ffc44576000 	C:\WINDOWS\System32\win32u.dll
0x00007ffc2fce0000 - 0x00007ffc2ff85000 	C:\WINDOWS\WinSxS\amd64_microsoft.windows.common-controls_6595b64144ccf1df_6.0.22000.120_none_9d947278b86cc467\COMCTL32.dll
0x00007ffc45e80000 - 0x00007ffc45ea9000 	C:\WINDOWS\System32\GDI32.dll
0x00007ffc453b0000 - 0x00007ffc45453000 	C:\WINDOWS\System32\msvcrt.dll
0x00007ffc446a0000 - 0x00007ffc447b2000 	C:\WINDOWS\System32\gdi32full.dll
0x00007ffc44000000 - 0x00007ffc4409d000 	C:\WINDOWS\System32\msvcp_win.dll
0x00007ffc455a0000 - 0x00007ffc455d1000 	C:\WINDOWS\System32\IMM32.DLL
0x00007ffc04200000 - 0x00007ffc0429d000 	D:\idea\apps\IDEA-U\ch-0\211.7628.21\jbr\bin\msvcp140.dll
0x00007ffbfd450000 - 0x00007ffbfdf99000 	D:\idea\apps\IDEA-U\ch-0\211.7628.21\jbr\bin\server\jvm.dll
0x00007ffc46080000 - 0x00007ffc4612c000 	C:\WINDOWS\System32\ADVAPI32.dll
0x00007ffc46130000 - 0x00007ffc461cd000 	C:\WINDOWS\System32\sechost.dll
0x00007ffc46310000 - 0x00007ffc46431000 	C:\WINDOWS\System32\RPCRT4.dll
0x00007ffc46a50000 - 0x00007ffc46a58000 	C:\WINDOWS\System32\PSAPI.DLL
0x00007ffc2b4a0000 - 0x00007ffc2b4a9000 	C:\WINDOWS\SYSTEM32\WSOCK32.dll
0x00007ffc3caf0000 - 0x00007ffc3cafa000 	C:\WINDOWS\SYSTEM32\VERSION.dll
0x00007ffc45230000 - 0x00007ffc4529f000 	C:\WINDOWS\System32\WS2_32.dll
0x00007ffc362a0000 - 0x00007ffc362d3000 	C:\WINDOWS\SYSTEM32\WINMM.dll
0x00007ffc43060000 - 0x00007ffc43078000 	C:\WINDOWS\SYSTEM32\kernel.appcore.dll
0x00007ffc405f0000 - 0x00007ffc40601000 	D:\idea\apps\IDEA-U\ch-0\211.7628.21\jbr\bin\verify.dll
0x00007ffc343c0000 - 0x00007ffc345e1000 	C:\WINDOWS\SYSTEM32\DBGHELP.DLL
0x00007ffc29c10000 - 0x00007ffc29c41000 	C:\WINDOWS\SYSTEM32\dbgcore.DLL
0x00007ffc43f80000 - 0x00007ffc44000000 	C:\WINDOWS\System32\bcryptPrimitives.dll
0x00007ffc405c0000 - 0x00007ffc405e9000 	D:\idea\apps\IDEA-U\ch-0\211.7628.21\jbr\bin\java.dll
0x00007ffc405a0000 - 0x00007ffc405ab000 	D:\idea\apps\IDEA-U\ch-0\211.7628.21\jbr\bin\jimage.dll
0x00007ffc30650000 - 0x00007ffc30668000 	D:\idea\apps\IDEA-U\ch-0\211.7628.21\jbr\bin\zip.dll

dbghelp: loaded successfully - version: 4.0.5 - missing functions: none
symbol engine: initialized successfully - sym options: 0x614 - pdb path: .;D:\idea\apps\IDEA-U\ch-0\211.7628.21\jbr\bin;C:\WINDOWS\SYSTEM32;C:\WINDOWS\WinSxS\amd64_microsoft.windows.common-controls_6595b64144ccf1df_6.0.22000.120_none_9d947278b86cc467;D:\idea\apps\IDEA-U\ch-0\211.7628.21\jbr\bin\server

VM Arguments:
java_command: org.jetbrains.git4idea.http.GitAskPassApp Username for 'https://gitee.com': 
java_class_path (initial): D:/idea/apps/IDEA-U/ch-0/211.7628.21/plugins/git4idea/lib/git4idea-rt.jar;D:/idea/apps/IDEA-U/ch-0/211.7628.21/lib/xmlrpc-2.0.1.jar;D:/idea/apps/IDEA-U/ch-0/211.7628.21/lib/commons-codec-1.15.jar
Launcher Type: SUN_STANDARD

[Global flags]
     intx CICompilerCount                          = 4                                         {product} {ergonomic}
     uint ConcGCThreads                            = 3                                         {product} {ergonomic}
     uint G1ConcRefinementThreads                  = 10                                        {product} {ergonomic}
   size_t G1HeapRegionSize                         = 1048576                                   {product} {ergonomic}
    uintx GCDrainStackTargetSize                   = 64                                        {product} {ergonomic}
   size_t InitialHeapSize                          = 268435456                                 {product} {ergonomic}
   size_t MarkStackSize                            = 4194304                                   {product} {ergonomic}
   size_t MaxHeapSize                              = 4282384384                                {product} {ergonomic}
   size_t MinHeapDeltaBytes                        = 1048576                                   {product} {ergonomic}
    uintx NonNMethodCodeHeapSize                   = 5836300                                {pd product} {ergonomic}
    uintx NonProfiledCodeHeapSize                  = 122910970                              {pd product} {ergonomic}
    uintx ProfiledCodeHeapSize                     = 122910970                              {pd product} {ergonomic}
    uintx ReservedCodeCacheSize                    = 251658240                              {pd product} {ergonomic}
     bool SegmentedCodeCache                       = true                                      {product} {ergonomic}
     bool UseCompressedClassPointers               = true                                 {lp64_product} {ergonomic}
     bool UseCompressedOops                        = true                                 {lp64_product} {ergonomic}
     bool UseG1GC                                  = true                                      {product} {ergonomic}
     bool UseLargePagesIndividualAllocation        = false                                  {pd product} {ergonomic}

Logging:
Log output configuration:
 #0: stdout all=warning uptime,level,tags
 #1: stderr all=off uptime,level,tags

Environment Variables:
JAVA_HOME=D:\jdk\jdk-8u221-windows-x64
PATH=D:\Git\mingw64\libexec\git-core;D:\Git\mingw64\libexec\git-core;D:\Git\mingw64\bin;D:\Git\usr\bin;C:\Users\70968\bin;D:\oracle\product\12.2.0\dbhome_1\bin;C:\WINDOWS\system32;C:\WINDOWS;C:\WINDOWS\System32\Wbem;C:\WINDOWS\System32\WindowsPowerShell\v1.0;C:\WINDOWS\System32\OpenSSH;D:\Git\cmd;D:\jdk\jdk-8u221-windows-x64\bin;D:\Apache\apache-tomcat-8.5.50\bin;D:\Apache\apache-maven-3.5.4\bin;D:\Apache\gradle-6.6-rc-1-all\gradle-6.6-rc-1\bi;.;E:\python\python-3.8.5-embed-amd64;D:\MinGW\bin;E:\anaconda;D:\node;D:\SQL\mysql-8.0.23-winx64\bin;E:\anaconda\Library;E:\anaconda\Library\mingw-w64\bin;E:\anaconda\Library\bin;E:\anaconda\Scripts;D:\Flutter\flutter\bin;D:\xshell;D:\XFTP;C:\Program Files\Docker\Docker\resources\bin;C:\ProgramData\DockerDesktop\version-bin;C:\Program Files\PowerShell\7;D:\Flutter\Android\Sdk\platform-tools;C:\Users\70968\AppData\Local\Microsoft\WindowsApps;C:\Users\70968\AppData\Local\Microsoft\WindowsApps;C:\Users\70968\AppData\Roaming\npm
USERNAME=70968
DISPLAY=:0.0
LC_ALL=en_US.UTF-8
OS=Windows_NT
PROCESSOR_IDENTIFIER=AMD64 Family 23 Model 113 Stepping 0, AuthenticAMD



---------------  S Y S T E M  ---------------

OS: Windows 10 , 64 bit Build 22000 (10.0.22000.282)
OS uptime: 0 days 1:56 hours
Hyper-V role detected

CPU:total 12 (initial active 12) (12 cores per cpu, 2 threads per core) family 23 model 113 stepping 0 microcode 0x0, cmov, cx8, fxsr, mmx, sse, sse2, sse3, ssse3, sse4.1, sse4.2, popcnt, avx, avx2, aes, clmul, mmxext, 3dnowpref, lzcnt, sse4a, ht, tsc, tscinvbit, tscinv, bmi1, bmi2, adx,

Memory: 4k page, system-wide physical 16335M (3995M free)
TotalPageFile size 24431M (AvailPageFile size 49M)
current process WorkingSet (physical memory assigned to process): 11M, peak: 11M
current process commit charge ("private bytes"): 64M, peak: 320M

vm_info: OpenJDK 64-Bit Server VM (11.0.11+9-b1341.60) for windows-amd64 JRE (11.0.11+9-b1341.60), built on Jun  4 2021 08:17:54 by "" with MS VC++ 14.0 (VS2015)

END.
