#
# There is insufficient memory for the Java Runtime Environment to continue.
# Native memory allocation (malloc) failed to allocate 1048576 bytes for AllocateHeap
# Possible reasons:
#   The system is out of physical RAM or swap space
#   The process is running with CompressedOops enabled, and the Java Heap may be blocking the growth of the native heap
# Possible solutions:
#   Reduce memory load on the system
#   Increase physical memory or swap space
#   Check if swap backing store is full
#   Decrease Java heap size (-Xmx/-Xms)
#   Decrease number of Java threads
#   Decrease Java thread stack sizes (-Xss)
#   Set larger code cache with -XX:ReservedCodeCacheSize=
#   JVM is running with Zero Based Compressed Oops mode in which the Java heap is
#     placed in the first 32GB address space. The Java Heap base address is the
#     maximum limit for the native heap growth. Please use -XX:HeapBaseMinAddress
#     to set the Java Heap base and to place the Java Heap above 32GB virtual address.
# This output file may be truncated or incomplete.
#
#  Out of Memory Error (memory/allocation.inline.hpp:61), pid=5192, tid=0x0000000000004320
#
# JRE version:  (8.0_221-b11) (build )
# Java VM: Java HotSpot(TM) 64-Bit Server VM (25.221-b11 mixed mode windows-amd64 compressed oops)
# Failed to write core dump. Minidumps are not enabled by default on client versions of Windows
#

---------------  T H R E A D  ---------------

Current thread (0x000000000358b000):  JavaThread "Unknown thread" [_thread_in_vm, id=17184, stack(0x0000000003440000,0x0000000003540000)]

Stack: [0x0000000003440000,0x0000000003540000]
[error occurred during error reporting (printing stack bounds), id 0xc0000005]

Native frames: (J=compiled Java code, j=interpreted, Vv=VM code, C=native code)


---------------  P R O C E S S  ---------------

Java Threads: ( => current thread )

Other Threads:

=>0x000000000358b000 (exited) JavaThread "Unknown thread" [_thread_in_vm, id=17184, stack(0x0000000003440000,0x0000000003540000)]

VM state:not at safepoint (normal execution)

VM Mutex/Monitor currently owned by a thread: None

heap address: 0x00000006c0c00000, size: 4084 MB, Compressed Oops mode: Zero based, Oop shift amount: 3
Narrow klass base: 0x0000000000000000, Narrow klass shift: 3
Compressed class space size: 1073741824 Address: 0x00000007c0000000

Heap:
 PSYoungGen      total 76288K, used 1310K [0x000000076af00000, 0x0000000770400000, 0x00000007c0000000)
  eden space 65536K, 2% used [0x000000076af00000,0x000000076b047af0,0x000000076ef00000)
  from space 10752K, 0% used [0x000000076f980000,0x000000076f980000,0x0000000770400000)
  to   space 10752K, 0% used [0x000000076ef00000,0x000000076ef00000,0x000000076f980000)
 ParOldGen       total 175104K, used 0K [0x00000006c0c00000, 0x00000006cb700000, 0x000000076af00000)
  object space 175104K, 0% used [0x00000006c0c00000,0x00000006c0c00000,0x00000006cb700000)
 Metaspace       used 787K, capacity 4480K, committed 4480K, reserved 1056768K
  class space    used 76K, capacity 384K, committed 384K, reserved 1048576K

Card table byte_map: [0x0000000012ca0000,0x00000000134a0000] byte_map_base: 0x000000000f69a000

Marking Bits: (ParMarkBitMap*) 0x000000006cce5ce0
 Begin Bits: [0x0000000014400000, 0x00000000183d0000)
 End Bits:   [0x00000000183d0000, 0x000000001c3a0000)

Polling page: 0x00000000016d0000

CodeCache: size=245760Kb used=327Kb max_used=327Kb free=245432Kb
 bounds [0x00000000038e0000, 0x0000000003b50000, 0x00000000128e0000]
 total_blobs=57 nmethods=0 adapters=38
 compilation: enabled

Compilation events (0 events):
No events

GC Heap History (0 events):
No events

Deoptimization events (0 events):
No events

Classes redefined (0 events):
No events

Internal exceptions (0 events):
No events

Events (10 events):
Event: 0.033 loading class java/lang/Short
Event: 0.033 loading class java/lang/Short done
Event: 0.033 loading class java/lang/Integer
Event: 0.033 loading class java/lang/Integer done
Event: 0.033 loading class java/lang/Long
Event: 0.033 loading class java/lang/Long done
Event: 0.034 loading class java/lang/NullPointerException
Event: 0.034 loading class java/lang/NullPointerException done
Event: 0.034 loading class java/lang/ArithmeticException
Event: 0.034 loading class java/lang/ArithmeticException done


Dynamic libraries:
0x00007ff689790000 - 0x00007ff6897c7000 	D:\jdk\jdk-8u221-windows-x64\bin\java.exe
0x00007ff8e91c0000 - 0x00007ff8e93c7000 	C:\WINDOWS\SYSTEM32\ntdll.dll
0x00007ff8e82d0000 - 0x00007ff8e838d000 	C:\WINDOWS\System32\KERNEL32.DLL
0x00007ff8e69d0000 - 0x00007ff8e6d44000 	C:\WINDOWS\System32\KERNELBASE.dll
0x00007ff8e7560000 - 0x00007ff8e760c000 	C:\WINDOWS\System32\ADVAPI32.dll
0x00007ff8e7310000 - 0x00007ff8e73b3000 	C:\WINDOWS\System32\msvcrt.dll
0x00007ff8e7a20000 - 0x00007ff8e7abd000 	C:\WINDOWS\System32\sechost.dll
0x00007ff8e7740000 - 0x00007ff8e7861000 	C:\WINDOWS\System32\RPCRT4.dll
0x00007ff8e7870000 - 0x00007ff8e7a1c000 	C:\WINDOWS\System32\USER32.dll
0x00007ff8e6920000 - 0x00007ff8e6946000 	C:\WINDOWS\System32\win32u.dll
0x00007ff8e8760000 - 0x00007ff8e8789000 	C:\WINDOWS\System32\GDI32.dll
0x00007ff8e6f30000 - 0x00007ff8e7042000 	C:\WINDOWS\System32\gdi32full.dll
0x00007ff8e67c0000 - 0x00007ff8e685d000 	C:\WINDOWS\System32\msvcp_win.dll
0x00007ff8e66a0000 - 0x00007ff8e67b1000 	C:\WINDOWS\System32\ucrtbase.dll
0x00007ff8bfe10000 - 0x00007ff8c00b5000 	C:\WINDOWS\WinSxS\amd64_microsoft.windows.common-controls_6595b64144ccf1df_6.0.22000.120_none_9d947278b86cc467\COMCTL32.dll
0x00007ff8e7270000 - 0x00007ff8e72a1000 	C:\WINDOWS\System32\IMM32.DLL
0x000000006cd70000 - 0x000000006ce42000 	D:\jdk\jdk-8u221-windows-x64\jre\bin\msvcr100.dll
0x000000006c4c0000 - 0x000000006cd65000 	D:\jdk\jdk-8u221-windows-x64\jre\bin\server\jvm.dll
0x00007ff8e8ff0000 - 0x00007ff8e8ff8000 	C:\WINDOWS\System32\PSAPI.DLL
0x00007ff8d8bc0000 - 0x00007ff8d8bc9000 	C:\WINDOWS\SYSTEM32\WSOCK32.dll
0x00007ff8e90b0000 - 0x00007ff8e911f000 	C:\WINDOWS\System32\WS2_32.dll
0x00007ff8d2010000 - 0x00007ff8d2043000 	C:\WINDOWS\SYSTEM32\WINMM.dll
0x00007ff8df970000 - 0x00007ff8df97a000 	C:\WINDOWS\SYSTEM32\VERSION.dll
0x00007ff8aa540000 - 0x00007ff8aa54f000 	D:\jdk\jdk-8u221-windows-x64\jre\bin\verify.dll
0x00007ff89bf10000 - 0x00007ff89bf39000 	D:\jdk\jdk-8u221-windows-x64\jre\bin\java.dll
0x00007ff8df930000 - 0x00007ff8df965000 	D:\jdk\jdk-8u221-windows-x64\jre\bin\jdwp.dll
0x00007ff8e3850000 - 0x00007ff8e3858000 	D:\jdk\jdk-8u221-windows-x64\jre\bin\npt.dll
0x00007ff8df6e0000 - 0x00007ff8df703000 	D:\jdk\jdk-8u221-windows-x64\jre\bin\instrument.dll
0x00007ff89b6d0000 - 0x00007ff89b6e6000 	D:\jdk\jdk-8u221-windows-x64\jre\bin\zip.dll

VM Arguments:
jvm_args: -agentlib:jdwp=transport=dt_socket,address=127.0.0.1:56289,suspend=y,server=n -XX:TieredStopAtLevel=1 -Xverify:none -Dspring.output.ansi.enabled=always -javaagent:D:\idea\apps\IDEA-U\ch-0\211.7628.21\plugins\java\lib\rt\debugger-agent.jar -Dcom.sun.management.jmxremote -Dspring.jmx.enabled=true -Dspring.liveBeansView.mbeanDomain -Dspring.application.admin.enabled=true -Dfile.encoding=UTF-8 
java_command: com.example.cloud.OauthApplication
java_class_path (initial): D:\jdk\jdk-8u221-windows-x64\jre\lib\charsets.jar;D:\jdk\jdk-8u221-windows-x64\jre\lib\deploy.jar;D:\jdk\jdk-8u221-windows-x64\jre\lib\ext\access-bridge-64.jar;D:\jdk\jdk-8u221-windows-x64\jre\lib\ext\cldrdata.jar;D:\jdk\jdk-8u221-windows-x64\jre\lib\ext\dnsns.jar;D:\jdk\jdk-8u221-windows-x64\jre\lib\ext\jaccess.jar;D:\jdk\jdk-8u221-windows-x64\jre\lib\ext\jfxrt.jar;D:\jdk\jdk-8u221-windows-x64\jre\lib\ext\localedata.jar;D:\jdk\jdk-8u221-windows-x64\jre\lib\ext\nashorn.jar;D:\jdk\jdk-8u221-windows-x64\jre\lib\ext\sunec.jar;D:\jdk\jdk-8u221-windows-x64\jre\lib\ext\sunjce_provider.jar;D:\jdk\jdk-8u221-windows-x64\jre\lib\ext\sunmscapi.jar;D:\jdk\jdk-8u221-windows-x64\jre\lib\ext\sunpkcs11.jar;D:\jdk\jdk-8u221-windows-x64\jre\lib\ext\zipfs.jar;D:\jdk\jdk-8u221-windows-x64\jre\lib\javaws.jar;D:\jdk\jdk-8u221-windows-x64\jre\lib\jce.jar;D:\jdk\jdk-8u221-windows-x64\jre\lib\jfr.jar;D:\jdk\jdk-8u221-windows-x64\jre\lib\jfxswt.jar;D:\jdk\jdk-8u221-windows-x64\jre\lib\jsse.jar;D:\jdk\jdk-8u221-windows-x64\jre\lib\management-agent.jar;D:\jdk\jdk-8u221-windows-x64\jre\lib\plugin.jar;D:\jdk\jdk-8u221-windows-x64\jre\lib\resources.jar;D:\jdk\jdk-8u221-windows-x64\jre\lib\rt.jar;D:\ideaSpcaework\chat_app_service\oauth\target\classes;D:\ideaSpcaework\chat_app_service\common\target\classes;D:\Apache\maven-repository\org\springframework\boot\spring-boot-starter\2.3.11.RELEASE\spring-boot-starter-2.3.11.RELEASE.jar;D:\Apache\maven-repository\org\springframework\boot\spring-boot\2.3.11.RELEASE\spring-boot-2.3.11.RELEASE.jar;D:\Apache\maven-repository\org\springframework\boot\spring-boot-autoconfigure\2.3.11.RELEASE\spring-boot-autoconfigure-2.3.11.RELEASE.jar;D:\Apache\maven-repository\org\springframework\boot\spring-boot-starter-logging\2.3.11.RELEASE\spring-boot-starter-logging-2.3.11.RELEASE.jar;D:\Apache\maven-repository\ch\qos\logback\logback-classic\1.2.3\logback-classic-1.2.3.jar;D:\Apache\maven-repository\ch\qos\logback\logback-core\1.2.3\logback-c
Launcher Type: SUN_STANDARD

Environment Variables:
JAVA_HOME=D:\jdk\jdk-8u221-windows-x64
PATH=D:\oracle\product\12.2.0\dbhome_1\bin;C:\WINDOWS\system32;C:\WINDOWS;C:\WINDOWS\System32\Wbem;C:\WINDOWS\System32\WindowsPowerShell\v1.0\;C:\WINDOWS\System32\OpenSSH\;D:\Git\cmd;D:\jdk\jdk-8u221-windows-x64\bin;D:\Apache\apache-tomcat-8.5.50\bin;D:\Apache\apache-maven-3.5.4\bin;"D:\Apache\gradle-6.6-rc-1-all\gradle-6.6-rc-1\bin;";E:\python\python-3.8.5-embed-amd64;D:\MinGW\bin;E:\anaconda;D:\node\;D:\SQL\mysql-8.0.23-winx64\bin;E:\anaconda\Library;E:\anaconda\Library\mingw-w64\bin;E:\anaconda\Library\bin;E:\anaconda\Scripts;D:\Flutter\flutter\bin;D:\xshell\;D:\XFTP\;C:\Users\70968\AppData\Local\Microsoft\WindowsApps;;C:\Users\70968\AppData\Local\Microsoft\WindowsApps;C:\Users\70968\AppData\Roaming\npm
USERNAME=70968
OS=Windows_NT
PROCESSOR_IDENTIFIER=AMD64 Family 23 Model 113 Stepping 0, AuthenticAMD



---------------  S Y S T E M  ---------------

OS: Windows 10.0 , 64 bit Build 22000 (10.0.22000.120)

CPU:total 12 (initial active 12) (12 cores per cpu, 1 threads per core) family 23 model 113 stepping 0, cmov, cx8, fxsr, mmx, sse, sse2, sse3, ssse3, sse4.1, sse4.2, popcnt, avx, avx2, aes, clmul, mmxext, 3dnowpref, lzcnt, sse4a, tsc, tscinvbit, tscinv, bmi1

Memory: 4k page, physical 16728044k(4390196k free), swap 25018348k(4800k free)

vm_info: Java HotSpot(TM) 64-Bit Server VM (25.221-b11) for windows-amd64 JRE (1.8.0_221-b11), built on Jul  4 2019 04:39:29 by "java_re" with MS VC++ 10.0 (VS2010)

time: Wed Oct 06 18:40:47 2021
timezone: 中国标准时间
elapsed time: 0 seconds (0d 0h 0m 0s)

